#
# A fatal error has been detected by the Java Runtime Environment:
#
#  Internal Error (safepoint.cpp:712), pid=6174, tid=0x0000000000009f03
#  fatal error: Illegal threadstate encountered: 4
#
# JRE version: Java(TM) SE Runtime Environment (8.0_111-b14) (build 1.8.0_111-b14)
# Java VM: Java HotSpot(TM) 64-Bit Server VM (25.111-b14 mixed mode bsd-amd64 compressed oops)
# Failed to write core dump. Core dumps have been disabled. To enable core dumping, try "ulimit -c unlimited" before starting Java again
#
# If you would like to submit a bug report, please visit:
#   http://bugreport.java.com/bugreport/crash.jsp
# The crash happened outside the Java Virtual Machine in native code.
# See problematic frame for where to report the bug.
#

---------------  T H R E A D  ---------------

Current thread (0x00007fa43d08c000):  JavaThread "Thread-1" daemon [_thread_in_native, id=40707, stack(0x000070000a008000,0x000070000a108000)]

Stack: [0x000070000a008000,0x000070000a108000],  sp=0x000070000a106cb0,  free space=1019k
Native frames: (J=compiled Java code, j=interpreted, Vv=VM code, C=native code)
V  [libjvm.dylib+0x5afbde]
V  [libjvm.dylib+0x1e74a3]
V  [libjvm.dylib+0x4e05b5]
V  [libjvm.dylib+0x56919e]
V  [libjvm.dylib+0x169b4e]
V  [libjvm.dylib+0x313641]
C  [libglass.dylib+0x463f]  -[GlassRunnable dealloc]+0x2f
C  [libobjc.A.dylib+0x26ee8]  _ZN11objc_object17sidetable_releaseEbb+0xee
C  [Foundation+0x816ce]  -[_NSThreadPerformInfo dealloc]+0x2a
C  [libobjc.A.dylib+0x26ee8]  _ZN11objc_object17sidetable_releaseEbb+0xee
C  [Foundation+0x4e1d6]  -[NSObject(NSThreadPerformAdditions) performSelectorOnMainThread:withObject:waitUntilDone:]+0x7c
J 3621  com.sun.glass.ui.mac.MacApplication._submitForLaterInvocation(Ljava/lang/Runnable;)V (0 bytes) @ 0x0000000104b58cbc [0x0000000104b58c00+0xbc]
J 3620 C1 com.sun.glass.ui.mac.MacApplication.submitForLaterInvocation(Ljava/lang/Runnable;)V (6 bytes) @ 0x0000000104b57ffc [0x0000000104b57f80+0x7c]
j  com.sun.glass.ui.InvokeLaterDispatcher.run()V+82
v  ~StubRoutines::call_stub
V  [libjvm.dylib+0x2ecf8a]
V  [libjvm.dylib+0x2ed718]
V  [libjvm.dylib+0x2ed8c4]
V  [libjvm.dylib+0x348039]
V  [libjvm.dylib+0x56a27b]
V  [libjvm.dylib+0x56b968]
V  [libjvm.dylib+0x489b0a]
C  [libsystem_pthread.dylib+0x64e1]  _pthread_start+0x7d
C  [libsystem_pthread.dylib+0x1f6b]  thread_start+0xf
C  0x0000000000000000

Java frames: (J=compiled Java code, j=interpreted, Vv=VM code)
J 3621  com.sun.glass.ui.mac.MacApplication._submitForLaterInvocation(Ljava/lang/Runnable;)V (0 bytes) @ 0x0000000104b58c4c [0x0000000104b58c00+0x4c]
J 3620 C1 com.sun.glass.ui.mac.MacApplication.submitForLaterInvocation(Ljava/lang/Runnable;)V (6 bytes) @ 0x0000000104b57ffc [0x0000000104b57f80+0x7c]
j  com.sun.glass.ui.InvokeLaterDispatcher.run()V+82
v  ~StubRoutines::call_stub

---------------  P R O C E S S  ---------------

Java Threads: ( => current thread )
  0x00007fa43bca4000 JavaThread "Thread-6" daemon [_thread_blocked, id=70675, stack(0x000070000b653000,0x000070000b753000)]
  0x00007fa43d3a4800 JavaThread "URL-Loader-13" daemon [_thread_blocked, id=62487, stack(0x000070000b550000,0x000070000b650000)]
  0x00007fa43d9f0800 JavaThread "URL-Loader-12" daemon [_thread_blocked, id=75791, stack(0x000070000b44d000,0x000070000b54d000)]
  0x00007fa43dc61800 JavaThread "URL-Loader-11" daemon [_thread_blocked, id=61699, stack(0x000070000b34a000,0x000070000b44a000)]
  0x00007fa43dc5b800 JavaThread "URL-Loader-10" daemon [_thread_blocked, id=71683, stack(0x000070000b247000,0x000070000b347000)]
  0x00007fa43dc20000 JavaThread "URL-Loader-9" daemon [_thread_blocked, id=61187, stack(0x000070000b144000,0x000070000b244000)]
  0x00007fa43dc1f800 JavaThread "URL-Loader-8" daemon [_thread_blocked, id=72195, stack(0x000070000b041000,0x000070000b141000)]
  0x00007fa43dc50000 JavaThread "URL-Loader-7" daemon [_thread_blocked, id=72451, stack(0x000070000af3e000,0x000070000b03e000)]
  0x00007fa43dc4f800 JavaThread "URL-Loader-6" daemon [_thread_blocked, id=60419, stack(0x000070000ae3b000,0x000070000af3b000)]
  0x00007fa43ccc6000 JavaThread "URL-Loader-5" daemon [_thread_blocked, id=73223, stack(0x000070000ad38000,0x000070000ae38000)]
  0x00007fa43dc4d800 JavaThread "URL-Loader-4" daemon [_thread_blocked, id=59907, stack(0x000070000ac35000,0x000070000ad35000)]
  0x00007fa43dc44800 JavaThread "Watchdog-Timer-1" daemon [_thread_blocked, id=59151, stack(0x000070000ab32000,0x000070000ac32000)]
  0x00007fa43dc2e000 JavaThread "URL-Loader-3" daemon [_thread_blocked, id=59403, stack(0x000070000aa2f000,0x000070000ab2f000)]
  0x00007fa43dc58800 JavaThread "URL-Loader-2" daemon [_thread_blocked, id=75439, stack(0x000070000a92c000,0x000070000aa2c000)]
  0x00007fa43da81800 JavaThread "URL-Loader-1" daemon [_thread_blocked, id=57227, stack(0x000070000a723000,0x000070000a823000)]
  0x00007fa43da7a000 JavaThread "Disposer" daemon [_thread_blocked, id=1935, stack(0x000070000a314000,0x000070000a414000)]
  0x00007fa43dc9c000 JavaThread "Keep-Alive-SocketCleaner" daemon [_thread_blocked, id=11611, stack(0x000070000a51d000,0x000070000a61d000)]
  0x00007fa43d194000 JavaThread "Keep-Alive-Timer" daemon [_thread_blocked, id=83203, stack(0x000070000a620000,0x000070000a720000)]
  0x00007fa43da17000 JavaThread "Prism Font Disposer" daemon [_thread_blocked, id=81671, stack(0x000070000a41a000,0x000070000a51a000)]
  0x00007fa43da0c000 JavaThread "JavaFX-Launcher" [_thread_blocked, id=47875, stack(0x000070000a211000,0x000070000a311000)]
  0x00007fa43da07800 JavaThread "Thread-3" daemon [_thread_in_native, id=33287, stack(0x000070000a10b000,0x000070000a18b000)]
  0x00007fa43c8b2800 JavaThread "JavaFX Application Thread" [_thread_in_native, id=259, stack(0x00007ff7bf61b000,0x00007ff7bfe1b000)]
=>0x00007fa43d08c000 JavaThread "Thread-1" daemon [_thread_in_native, id=40707, stack(0x000070000a008000,0x000070000a108000)]
  0x00007fa43d08b000 JavaThread "QuantumRenderer-0" daemon [_thread_blocked, id=17411, stack(0x0000700009f05000,0x000070000a005000)]
  0x00007fa43d00c000 JavaThread "Service Thread" daemon [_thread_blocked, id=17667, stack(0x0000700009cff000,0x0000700009dff000)]
  0x00007fa43b81c000 JavaThread "C1 CompilerThread2" daemon [_thread_blocked, id=13315, stack(0x0000700009bfc000,0x0000700009cfc000)]
  0x00007fa43b819000 JavaThread "C2 CompilerThread1" daemon [_thread_in_native, id=13059, stack(0x0000700009af9000,0x0000700009bf9000)]
  0x00007fa43b818000 JavaThread "C2 CompilerThread0" daemon [_thread_in_native, id=18179, stack(0x00007000099f6000,0x0000700009af6000)]
  0x00007fa43b81a800 JavaThread "Signal Dispatcher" daemon [_thread_blocked, id=18691, stack(0x00007000098f3000,0x00007000099f3000)]
  0x00007fa43c811800 JavaThread "Finalizer" daemon [_thread_blocked, id=20739, stack(0x00007000096ea000,0x00007000097ea000)]
  0x00007fa43b808800 JavaThread "Reference Handler" daemon [_thread_blocked, id=11267, stack(0x00007000095e7000,0x00007000096e7000)]
  0x00007fa43d00b000 JavaThread "main" [_thread_blocked, id=4611, stack(0x0000700008fd5000,0x00007000090d5000)]

Other Threads:
  0x00007fa43d01b000 VMThread [stack: 0x00007000094e4000,0x00007000095e4000] [id=11011]
  0x00007fa43d818800 WatcherThread [stack: 0x0000700009e02000,0x0000700009f02000] [id=14083]

VM state:not at safepoint (normal execution)

VM Mutex/Monitor currently owned by a thread: None

Heap:
 PSYoungGen      total 113664K, used 13894K [0x00000007aab00000, 0x00000007b5900000, 0x00000007c0000000)
  eden space 102912K, 10% used [0x00000007aab00000,0x00000007ab5ef9c0,0x00000007b0f80000)
  from space 10752K, 25% used [0x00000007b0f80000,0x00000007b1221fd0,0x00000007b1a00000)
  to   space 10752K, 0% used [0x00000007b4e80000,0x00000007b4e80000,0x00000007b5900000)
 ParOldGen       total 41472K, used 20374K [0x0000000780000000, 0x0000000782880000, 0x00000007aab00000)
  object space 41472K, 49% used [0x0000000780000000,0x00000007813e5ae8,0x0000000782880000)
 Metaspace       used 26426K, capacity 27620K, committed 27904K, reserved 1073152K
  class space    used 3509K, capacity 3749K, committed 3840K, reserved 1048576K

Card table byte_map: [0x00000001006a2000,0x00000001008a3000] byte_map_base: 0x00000000fcaa2000

Marking Bits: (ParMarkBitMap*) 0x0000000101a77d20
 Begin Bits: [0x0000000102129000, 0x0000000103129000)
 End Bits:   [0x0000000103129000, 0x0000000104129000)

Polling page: 0x000000010021d000

CodeCache: size=245760Kb used=12321Kb max_used=12332Kb free=233438Kb
 bounds [0x0000000104437000, 0x0000000105057000, 0x0000000113437000]
 total_blobs=4736 nmethods=3950 adapters=699
 compilation: enabled

Compilation events (10 events):
Event: 39.960 Thread 0x00007fa43b81c000 4605       1       java.nio.DirectFloatBufferU::isDirect (2 bytes)
Event: 39.960 Thread 0x00007fa43b81c000 nmethod 4605 0x00000001050470d0 code [0x0000000105047220, 0x0000000105047330]
Event: 39.963 Thread 0x00007fa43b81c000 4606       3       com.sun.prism.impl.ManagedResource::lock (20 bytes)
Event: 39.963 Thread 0x00007fa43b81c000 nmethod 4606 0x0000000104694090 code [0x00000001046941e0, 0x0000000104694350]
Event: 39.965 Thread 0x00007fa43b81c000 4607       1       com.sun.javafx.webkit.prism.WCGraphicsPrismContext::getFontSmoothingType (5 bytes)
Event: 39.966 Thread 0x00007fa43b81c000 nmethod 4607 0x00000001047777d0 code [0x0000000104777920, 0x0000000104777a30]
Event: 39.969 Thread 0x00007fa43b81c000 4608       1       com.sun.javafx.webkit.prism.WCGraphicsPrismContext::shouldCalculateIntersection (2 bytes)
Event: 39.969 Thread 0x00007fa43b81c000 nmethod 4608 0x0000000105046a50 code [0x0000000105046ba0, 0x0000000105046cb0]
Event: 39.969 Thread 0x00007fa43b818000 4609       4       com.sun.javafx.event.EventHandlerManager::dispatchCapturingEvent (34 bytes)
Event: 39.970 Thread 0x00007fa43b81c000 4610  s    3       com.sun.scenario.effect.impl.Renderer::getRenderer (252 bytes)

GC Heap History (10 events):
Event: 37.883 GC heap before
{Heap before GC invocations=10 (full 1):
 PSYoungGen      total 58368K, used 56195K [0x00000007aab00000, 0x00000007af000000, 0x00000007c0000000)
  eden space 50176K, 100% used [0x00000007aab00000,0x00000007adc00000,0x00000007adc00000)
  from space 8192K, 73% used [0x00000007ae800000,0x00000007aede0f00,0x00000007af000000)
  to   space 10240K, 0% used [0x00000007adc00000,0x00000007adc00000,0x00000007ae600000)
 ParOldGen       total 41472K, used 15430K [0x0000000780000000, 0x0000000782880000, 0x00000007aab00000)
  object space 41472K, 37% used [0x0000000780000000,0x0000000780f11960,0x0000000782880000)
 Metaspace       used 24370K, capacity 25400K, committed 25472K, reserved 1071104K
  class space    used 3222K, capacity 3427K, committed 3456K, reserved 1048576K
Event: 37.890 GC heap after
Heap after GC invocations=10 (full 1):
 PSYoungGen      total 60416K, used 994K [0x00000007aab00000, 0x00000007b0400000, 0x00000007c0000000)
  eden space 50176K, 0% used [0x00000007aab00000,0x00000007aab00000,0x00000007adc00000)
  from space 10240K, 9% used [0x00000007adc00000,0x00000007adcf8818,0x00000007ae600000)
  to   space 10752K, 0% used [0x00000007af980000,0x00000007af980000,0x00000007b0400000)
 ParOldGen       total 41472K, used 19303K [0x0000000780000000, 0x0000000782880000, 0x00000007aab00000)
  object space 41472K, 46% used [0x0000000780000000,0x00000007812d9e38,0x0000000782880000)
 Metaspace       used 24370K, capacity 25400K, committed 25472K, reserved 1071104K
  class space    used 3222K, capacity 3427K, committed 3456K, reserved 1048576K
}
Event: 38.637 GC heap before
{Heap before GC invocations=11 (full 1):
 PSYoungGen      total 60416K, used 51116K [0x00000007aab00000, 0x00000007b0400000, 0x00000007c0000000)
  eden space 50176K, 99% used [0x00000007aab00000,0x00000007adbf29a0,0x00000007adc00000)
  from space 10240K, 9% used [0x00000007adc00000,0x00000007adcf8818,0x00000007ae600000)
  to   space 10752K, 0% used [0x00000007af980000,0x00000007af980000,0x00000007b0400000)
 ParOldGen       total 41472K, used 19303K [0x0000000780000000, 0x0000000782880000, 0x00000007aab00000)
  object space 41472K, 46% used [0x0000000780000000,0x00000007812d9e38,0x0000000782880000)
 Metaspace       used 25424K, capacity 26544K, committed 26752K, reserved 1073152K
  class space    used 3401K, capacity 3643K, committed 3712K, reserved 1048576K
Event: 38.642 GC heap after
Heap after GC invocations=11 (full 1):
 PSYoungGen      total 79360K, used 748K [0x00000007aab00000, 0x00000007b0380000, 0x00000007c0000000)
  eden space 69120K, 0% used [0x00000007aab00000,0x00000007aab00000,0x00000007aee80000)
  from space 10240K, 7% used [0x00000007af980000,0x00000007afa3b340,0x00000007b0380000)
  to   space 10752K, 0% used [0x00000007aee80000,0x00000007aee80000,0x00000007af900000)
 ParOldGen       total 41472K, used 19646K [0x0000000780000000, 0x0000000782880000, 0x00000007aab00000)
  object space 41472K, 47% used [0x0000000780000000,0x000000078132fad0,0x0000000782880000)
 Metaspace       used 25424K, capacity 26544K, committed 26752K, reserved 1073152K
  class space    used 3401K, capacity 3643K, committed 3712K, reserved 1048576K
}
Event: 38.672 GC heap before
{Heap before GC invocations=12 (full 1):
 PSYoungGen      total 79360K, used 69815K [0x00000007aab00000, 0x00000007b0380000, 0x00000007c0000000)
  eden space 69120K, 99% used [0x00000007aab00000,0x00000007aee72c48,0x00000007aee80000)
  from space 10240K, 7% used [0x00000007af980000,0x00000007afa3b340,0x00000007b0380000)
  to   space 10752K, 0% used [0x00000007aee80000,0x00000007aee80000,0x00000007af900000)
 ParOldGen       total 41472K, used 19646K [0x0000000780000000, 0x0000000782880000, 0x00000007aab00000)
  object space 41472K, 47% used [0x0000000780000000,0x000000078132fad0,0x0000000782880000)
 Metaspace       used 25429K, capacity 26544K, committed 26752K, reserved 1073152K
  class space    used 3402K, capacity 3643K, committed 3712K, reserved 1048576K
Event: 38.674 GC heap after
Heap after GC invocations=12 (full 1):
 PSYoungGen      total 79872K, used 254K [0x00000007aab00000, 0x00000007b2480000, 0x00000007c0000000)
  eden space 69120K, 0% used [0x00000007aab00000,0x00000007aab00000,0x00000007aee80000)
  from space 10752K, 2% used [0x00000007aee80000,0x00000007aeebfbb8,0x00000007af900000)
  to   space 10752K, 0% used [0x00000007b1a00000,0x00000007b1a00000,0x00000007b2480000)
 ParOldGen       total 41472K, used 20350K [0x0000000780000000, 0x0000000782880000, 0x00000007aab00000)
  object space 41472K, 49% used [0x0000000780000000,0x00000007813dfae8,0x0000000782880000)
 Metaspace       used 25429K, capacity 26544K, committed 26752K, reserved 1073152K
  class space    used 3402K, capacity 3643K, committed 3712K, reserved 1048576K
}
Event: 38.691 GC heap before
{Heap before GC invocations=13 (full 1):
 PSYoungGen      total 79872K, used 69222K [0x00000007aab00000, 0x00000007b2480000, 0x00000007c0000000)
  eden space 69120K, 99% used [0x00000007aab00000,0x00000007aee59f88,0x00000007aee80000)
  from space 10752K, 2% used [0x00000007aee80000,0x00000007aeebfbb8,0x00000007af900000)
  to   space 10752K, 0% used [0x00000007b1a00000,0x00000007b1a00000,0x00000007b2480000)
 ParOldGen       total 41472K, used 20350K [0x0000000780000000, 0x0000000782880000, 0x00000007aab00000)
  object space 41472K, 49% used [0x0000000780000000,0x00000007813dfae8,0x0000000782880000)
 Metaspace       used 25429K, capacity 26544K, committed 26752K, reserved 1073152K
  class space    used 3402K, capacity 3643K, committed 3712K, reserved 1048576K
Event: 38.693 GC heap after
Heap after GC invocations=13 (full 1):
 PSYoungGen      total 113664K, used 321K [0x00000007aab00000, 0x00000007b2780000, 0x00000007c0000000)
  eden space 102912K, 0% used [0x00000007aab00000,0x00000007aab00000,0x00000007b0f80000)
  from space 10752K, 2% used [0x00000007b1a00000,0x00000007b1a504e0,0x00000007b2480000)
  to   space 10752K, 0% used [0x00000007b0f80000,0x00000007b0f80000,0x00000007b1a00000)
 ParOldGen       total 41472K, used 20366K [0x0000000780000000, 0x0000000782880000, 0x00000007aab00000)
  object space 41472K, 49% used [0x0000000780000000,0x00000007813e3ae8,0x0000000782880000)
 Metaspace       used 25429K, capacity 26544K, committed 26752K, reserved 1073152K
  class space    used 3402K, capacity 3643K, committed 3712K, reserved 1048576K
}
Event: 39.331 GC heap before
{Heap before GC invocations=14 (full 1):
 PSYoungGen      total 113664K, used 103233K [0x00000007aab00000, 0x00000007b2780000, 0x00000007c0000000)
  eden space 102912K, 100% used [0x00000007aab00000,0x00000007b0f80000,0x00000007b0f80000)
  from space 10752K, 2% used [0x00000007b1a00000,0x00000007b1a504e0,0x00000007b2480000)
  to   space 10752K, 0% used [0x00000007b0f80000,0x00000007b0f80000,0x00000007b1a00000)
 ParOldGen       total 41472K, used 20366K [0x0000000780000000, 0x0000000782880000, 0x00000007aab00000)
  object space 41472K, 49% used [0x0000000780000000,0x00000007813e3ae8,0x0000000782880000)
 Metaspace       used 26096K, capacity 27282K, committed 27648K, reserved 1073152K
  class space    used 3466K, capacity 3726K, committed 3840K, reserved 1048576K
Event: 39.336 GC heap after
Heap after GC invocations=14 (full 1):
 PSYoungGen      total 113664K, used 2695K [0x00000007aab00000, 0x00000007b5900000, 0x00000007c0000000)
  eden space 102912K, 0% used [0x00000007aab00000,0x00000007aab00000,0x00000007b0f80000)
  from space 10752K, 25% used [0x00000007b0f80000,0x00000007b1221fd0,0x00000007b1a00000)
  to   space 10752K, 0% used [0x00000007b4e80000,0x00000007b4e80000,0x00000007b5900000)
 ParOldGen       total 41472K, used 20374K [0x0000000780000000, 0x0000000782880000, 0x00000007aab00000)
  object space 41472K, 49% used [0x0000000780000000,0x00000007813e5ae8,0x0000000782880000)
 Metaspace       used 26096K, capacity 27282K, committed 27648K, reserved 1073152K
  class space    used 3466K, capacity 3726K, committed 3840K, reserved 1048576K
}

Deoptimization events (10 events):
Event: 39.362 Thread 0x00007fa43d08b000 Uncommon trap: reason=unstable_if action=reinterpret pc=0x0000000104e03fdc method=java.lang.Math.round(D)J @ 48
Event: 39.385 Thread 0x00007fa43d08b000 Uncommon trap: reason=unstable_if action=reinterpret pc=0x0000000105011f90 method=java.lang.Math.round(D)J @ 48
Event: 39.391 Thread 0x00007fa43dc4d800 Uncommon trap: reason=unstable_if action=reinterpret pc=0x0000000104f4db88 method=sun.net.www.protocol.http.HttpURLConnection$HttpInputStream.read([BII)I @ 69
Event: 39.816 Thread 0x00007fa43c8b2800 Uncommon trap: reason=class_check action=maybe_recompile pc=0x000000010487aa54 method=java.io.FilterInputStream.read()I @ 4
Event: 39.816 Thread 0x00007fa43c8b2800 Uncommon trap: reason=class_check action=maybe_recompile pc=0x000000010487aa54 method=java.io.FilterInputStream.read()I @ 4
Event: 39.816 Thread 0x00007fa43c8b2800 Uncommon trap: reason=class_check action=maybe_recompile pc=0x000000010487aa54 method=java.io.FilterInputStream.read()I @ 4
Event: 39.816 Thread 0x00007fa43c8b2800 Uncommon trap: reason=class_check action=maybe_recompile pc=0x000000010487aa54 method=java.io.FilterInputStream.read()I @ 4
Event: 39.817 Thread 0x00007fa43c8b2800 Uncommon trap: reason=class_check action=maybe_recompile pc=0x00000001047f70c4 method=java.util.zip.InflaterInputStream.fill()V @ 19
Event: 39.817 Thread 0x00007fa43c8b2800 Uncommon trap: reason=class_check action=maybe_recompile pc=0x00000001047f70c4 method=java.util.zip.InflaterInputStream.fill()V @ 19
Event: 39.817 Thread 0x00007fa43c8b2800 Uncommon trap: reason=class_check action=maybe_recompile pc=0x00000001047f70c4 method=java.util.zip.InflaterInputStream.fill()V @ 19

Internal exceptions (10 events):
Event: 9.054 Thread 0x00007fa43c8b2800 Implicit null exception at 0x0000000104859495 to 0x0000000104859c8d
Event: 17.559 Thread 0x00007fa43c8b2800 Implicit null exception at 0x0000000104ca4a89 to 0x0000000104ca66a5
Event: 17.692 Thread 0x00007fa43d08b000 Exception <a 'java/lang/ArrayIndexOutOfBoundsException': -1> (0x00000007ac2dbf18) thrown at [/Users/java_re/workspace/8-2-build-macosx-x86_64/jdk8u111/7883/hotspot/src/share/vm/interpreter/interpreterRuntime.cpp, line 366]
Event: 38.323 Thread 0x00007fa43c8b2800 Exception <a 'sun/nio/fs/UnixException'> (0x00000007aacd1160) thrown at [/Users/java_re/workspace/8-2-build-macosx-x86_64/jdk8u111/7883/hotspot/src/share/vm/prims/jni.cpp, line 709]
Event: 38.350 Thread 0x00007fa43c8b2800 Exception <a 'sun/nio/fs/UnixException'> (0x00000007aacd33b8) thrown at [/Users/java_re/workspace/8-2-build-macosx-x86_64/jdk8u111/7883/hotspot/src/share/vm/prims/jni.cpp, line 709]
Event: 38.388 Thread 0x00007fa43c8b2800 Implicit null exception at 0x00000001046ec2f5 to 0x00000001046ec6b5
Event: 38.752 Thread 0x00007fa43c8b2800 Implicit null exception at 0x0000000104656336 to 0x00000001046566fd
Event: 39.160 Thread 0x00007fa43c8b2800 Exception <a 'java/io/FileNotFoundException'> (0x00000007af5f6508) thrown at [/Users/java_re/workspace/8-2-build-macosx-x86_64/jdk8u111/7883/hotspot/src/share/vm/prims/jni.cpp, line 709]
Event: 39.872 Thread 0x00007fa43bca4000 Implicit null exception at 0x0000000104a44c59 to 0x0000000104a44d49
Event: 39.872 Thread 0x00007fa43bca4000 Exception <a 'java/lang/NullPointerException'> (0x00000007ab4d3fa8) thrown at [/Users/java_re/workspace/8-2-build-macosx-x86_64/jdk8u111/7883/hotspot/src/share/vm/runtime/sharedRuntime.cpp, line 605]

Events (10 events):
Event: 39.939 Executing VM operation: RevokeBias done
Event: 39.941 Executing VM operation: RevokeBias
Event: 39.941 Executing VM operation: RevokeBias done
Event: 39.945 Executing VM operation: RevokeBias
Event: 39.945 Executing VM operation: RevokeBias done
Event: 39.956 Executing VM operation: BulkRevokeBias
Event: 39.956 Executing VM operation: BulkRevokeBias done
Event: 39.959 Thread 0x00007fa43b81c000 flushing nmethod 0x0000000104694090
Event: 39.960 Thread 0x00007fa43b81c000 flushing nmethod 0x0000000104777590
Event: 39.973 Executing VM operation: RevokeBias


Dynamic libraries:
0x0000000015377000 	/System/Library/Frameworks/Cocoa.framework/Versions/A/Cocoa
0x0000000015377000 	/System/Library/Frameworks/AppKit.framework/Versions/C/AppKit
0x0000000015377000 	/System/Library/Frameworks/CoreData.framework/Versions/A/CoreData
0x0000000015377000 	/System/Library/Frameworks/Foundation.framework/Versions/C/Foundation
0x0000000015377000 	/usr/lib/libSystem.B.dylib
0x0000000015377000 	/System/Library/PrivateFrameworks/UIFoundation.framework/Versions/A/UIFoundation
0x0000000015377000 	/System/Library/PrivateFrameworks/RemoteViewServices.framework/Versions/A/RemoteViewServices
0x0000000015377000 	/System/Library/PrivateFrameworks/XCTTargetBootstrap.framework/Versions/A/XCTTargetBootstrap
0x0000000015377000 	/System/Library/PrivateFrameworks/InternationalSupport.framework/Versions/A/InternationalSupport
0x0000000015377000 	/System/Library/PrivateFrameworks/UserActivity.framework/Versions/A/UserActivity
0x0000000015377000 	/usr/lib/libspindump.dylib
0x0000000015377000 	/System/Library/Frameworks/UniformTypeIdentifiers.framework/Versions/A/UniformTypeIdentifiers
0x0000000015377000 	/usr/lib/libapp_launch_measurement.dylib
0x0000000015377000 	/System/Library/PrivateFrameworks/CoreAnalytics.framework/Versions/A/CoreAnalytics
0x0000000015377000 	/System/Library/PrivateFrameworks/CoreAutoLayout.framework/Versions/A/CoreAutoLayout
0x0000000015377000 	/System/Library/Frameworks/Metal.framework/Versions/A/Metal
0x0000000015377000 	/usr/lib/liblangid.dylib
0x0000000015377000 	/System/Library/PrivateFrameworks/CoreSVG.framework/Versions/A/CoreSVG
0x0000000015377000 	/System/Library/PrivateFrameworks/SkyLight.framework/Versions/A/SkyLight
0x0000000015377000 	/System/Library/Frameworks/CoreGraphics.framework/Versions/A/CoreGraphics
0x0000000015377000 	/System/Library/Frameworks/Accelerate.framework/Versions/A/Accelerate
0x0000000015377000 	/System/Library/PrivateFrameworks/IconServices.framework/Versions/A/IconServices
0x0000000015377000 	/System/Library/Frameworks/IOSurface.framework/Versions/A/IOSurface
0x0000000015377000 	/usr/lib/libDiagnosticMessagesClient.dylib
0x0000000015377000 	/usr/lib/libz.1.dylib
0x0000000015377000 	/System/Library/Frameworks/ApplicationServices.framework/Versions/A/ApplicationServices
0x0000000015377000 	/System/Library/PrivateFrameworks/DFRFoundation.framework/Versions/A/DFRFoundation
0x0000000015377000 	/usr/lib/libicucore.A.dylib
0x0000000015377000 	/System/Library/Frameworks/AudioToolbox.framework/Versions/A/AudioToolbox
0x0000000015377000 	/System/Library/PrivateFrameworks/DataDetectorsCore.framework/Versions/A/DataDetectorsCore
0x0000000015377000 	/System/Library/PrivateFrameworks/TextInput.framework/Versions/A/TextInput
0x0000000015377000 	/usr/lib/libMobileGestalt.dylib
0x0000000015377000 	/System/Library/Frameworks/Carbon.framework/Versions/A/Frameworks/HIToolbox.framework/Versions/A/HIToolbox
0x0000000015377000 	/System/Library/Frameworks/QuartzCore.framework/Versions/A/QuartzCore
0x0000000015377000 	/System/Library/Frameworks/Security.framework/Versions/A/Security
0x0000000015377000 	/System/Library/Frameworks/Carbon.framework/Versions/A/Frameworks/SpeechRecognition.framework/Versions/A/SpeechRecognition
0x0000000015377000 	/System/Library/PrivateFrameworks/CoreUI.framework/Versions/A/CoreUI
0x0000000015377000 	/System/Library/Frameworks/CoreAudio.framework/Versions/A/CoreAudio
0x0000000015377000 	/System/Library/Frameworks/DiskArbitration.framework/Versions/A/DiskArbitration
0x0000000015377000 	/System/Library/PrivateFrameworks/MultitouchSupport.framework/Versions/A/MultitouchSupport
0x0000000015377000 	/usr/lib/libenergytrace.dylib
0x0000000015377000 	/System/Library/Frameworks/IOKit.framework/Versions/A/IOKit
0x0000000015377000 	/System/Library/Frameworks/CoreServices.framework/Versions/A/CoreServices
0x0000000015377000 	/System/Library/PrivateFrameworks/PerformanceAnalysis.framework/Versions/A/PerformanceAnalysis
0x0000000015377000 	/System/Library/Frameworks/OpenGL.framework/Versions/A/OpenGL
0x0000000015377000 	/System/Library/PrivateFrameworks/MobileKeyBag.framework/Versions/A/MobileKeyBag
0x0000000015377000 	/usr/lib/libobjc.A.dylib
0x0000000015377000 	/System/Library/Frameworks/ColorSync.framework/Versions/A/ColorSync
0x0000000015377000 	/System/Library/Frameworks/CoreFoundation.framework/Versions/A/CoreFoundation
0x0000000015377000 	/System/Library/Frameworks/CoreImage.framework/Versions/A/CoreImage
0x0000000015377000 	/System/Library/Frameworks/CoreText.framework/Versions/A/CoreText
0x0000000015377000 	/System/Library/Frameworks/ImageIO.framework/Versions/A/ImageIO
0x0000000015377000 	/System/Library/PrivateFrameworks/SoftLinking.framework/Versions/A/SoftLinking
0x0000000015377000 	/usr/lib/libxml2.2.dylib
0x0000000015377000 	/usr/lib/libc++.1.dylib
0x0000000015377000 	/usr/lib/libcompression.dylib
0x0000000015377000 	/System/Library/PrivateFrameworks/TextureIO.framework/Versions/A/TextureIO
0x0000000015377000 	/usr/lib/libate.dylib
0x0000000015377000 	/usr/lib/system/libcache.dylib
0x0000000015377000 	/usr/lib/system/libcommonCrypto.dylib
0x0000000015377000 	/usr/lib/system/libcompiler_rt.dylib
0x0000000015377000 	/usr/lib/system/libcopyfile.dylib
0x0000000015377000 	/usr/lib/system/libcorecrypto.dylib
0x0000000015377000 	/usr/lib/system/libdispatch.dylib
0x0000000015377000 	/usr/lib/system/libdyld.dylib
0x0000000015377000 	/usr/lib/system/libkeymgr.dylib
0x0000000015377000 	/usr/lib/system/libmacho.dylib
0x0000000015377000 	/usr/lib/system/libquarantine.dylib
0x0000000015377000 	/usr/lib/system/libremovefile.dylib
0x0000000015377000 	/usr/lib/system/libsystem_asl.dylib
0x0000000015377000 	/usr/lib/system/libsystem_blocks.dylib
0x0000000015377000 	/usr/lib/system/libsystem_c.dylib
0x0000000015377000 	/usr/lib/system/libsystem_collections.dylib
0x0000000015377000 	/usr/lib/system/libsystem_configuration.dylib
0x0000000015377000 	/usr/lib/system/libsystem_containermanager.dylib
0x0000000015377000 	/usr/lib/system/libsystem_coreservices.dylib
0x0000000015377000 	/usr/lib/system/libsystem_darwin.dylib
0x0000000015377000 	/usr/lib/system/libsystem_dnssd.dylib
0x0000000015377000 	/usr/lib/system/libsystem_featureflags.dylib
0x0000000015377000 	/usr/lib/system/libsystem_info.dylib
0x0000000015377000 	/usr/lib/system/libsystem_m.dylib
0x0000000015377000 	/usr/lib/system/libsystem_malloc.dylib
0x0000000015377000 	/usr/lib/system/libsystem_networkextension.dylib
0x0000000015377000 	/usr/lib/system/libsystem_notify.dylib
0x0000000015377000 	/usr/lib/system/libsystem_product_info_filter.dylib
0x0000000015377000 	/usr/lib/system/libsystem_sandbox.dylib
0x0000000015377000 	/usr/lib/system/libsystem_secinit.dylib
0x0000000015377000 	/usr/lib/system/libsystem_kernel.dylib
0x0000000015377000 	/usr/lib/system/libsystem_platform.dylib
0x0000000015377000 	/usr/lib/system/libsystem_pthread.dylib
0x0000000015377000 	/usr/lib/system/libsystem_symptoms.dylib
0x0000000015377000 	/usr/lib/system/libsystem_trace.dylib
0x0000000015377000 	/usr/lib/system/libunwind.dylib
0x0000000015377000 	/usr/lib/system/libxpc.dylib
0x0000000015377000 	/usr/lib/libc++abi.dylib
0x0000000015377000 	/usr/lib/liboah.dylib
0x0000000015377000 	/usr/lib/liblzma.5.dylib
0x0000000015377000 	/System/Library/Frameworks/SystemConfiguration.framework/Versions/A/SystemConfiguration
0x0000000015377000 	/usr/lib/libfakelink.dylib
0x0000000015377000 	/System/Library/Frameworks/CFNetwork.framework/Versions/A/CFNetwork
0x0000000015377000 	/usr/lib/libarchive.2.dylib
0x0000000015377000 	/System/Library/PrivateFrameworks/AppleSystemInfo.framework/Versions/A/AppleSystemInfo
0x0000000015377000 	/usr/lib/libbsm.0.dylib
0x0000000015377000 	/usr/lib/libnetwork.dylib
0x0000000015377000 	/usr/lib/system/libkxld.dylib
0x0000000015377000 	/System/Library/PrivateFrameworks/IOMobileFramebuffer.framework/Versions/A/IOMobileFramebuffer
0x0000000015377000 	/usr/lib/libCoreEntitlements.dylib
0x0000000015377000 	/System/Library/PrivateFrameworks/AppleFSCompression.framework/Versions/A/AppleFSCompression
0x0000000015377000 	/usr/lib/libcoretls.dylib
0x0000000015377000 	/usr/lib/libcoretls_cfhelpers.dylib
0x0000000015377000 	/usr/lib/libpam.2.dylib
0x0000000015377000 	/usr/lib/libsqlite3.dylib
0x0000000015377000 	/usr/lib/libxar.1.dylib
0x0000000015377000 	/usr/lib/libbz2.1.0.dylib
0x0000000015377000 	/usr/lib/libpcap.A.dylib
0x0000000015377000 	/usr/lib/libdns_services.dylib
0x0000000015377000 	/usr/lib/libapple_nghttp2.dylib
0x0000000015377000 	/usr/lib/libiconv.2.dylib
0x0000000015377000 	/usr/lib/libcharset.1.dylib
0x0000000015377000 	/System/Library/Frameworks/CoreServices.framework/Versions/A/Frameworks/FSEvents.framework/Versions/A/FSEvents
0x0000000015377000 	/System/Library/Frameworks/CoreServices.framework/Versions/A/Frameworks/CarbonCore.framework/Versions/A/CarbonCore
0x0000000015377000 	/System/Library/Frameworks/CoreServices.framework/Versions/A/Frameworks/Metadata.framework/Versions/A/Metadata
0x0000000015377000 	/System/Library/Frameworks/CoreServices.framework/Versions/A/Frameworks/OSServices.framework/Versions/A/OSServices
0x0000000015377000 	/System/Library/Frameworks/CoreServices.framework/Versions/A/Frameworks/SearchKit.framework/Versions/A/SearchKit
0x0000000015377000 	/System/Library/Frameworks/CoreServices.framework/Versions/A/Frameworks/AE.framework/Versions/A/AE
0x0000000015377000 	/System/Library/Frameworks/CoreServices.framework/Versions/A/Frameworks/LaunchServices.framework/Versions/A/LaunchServices
0x0000000015377000 	/System/Library/Frameworks/CoreServices.framework/Versions/A/Frameworks/DictionaryServices.framework/Versions/A/DictionaryServices
0x0000000015377000 	/System/Library/Frameworks/CoreServices.framework/Versions/A/Frameworks/SharedFileList.framework/Versions/A/SharedFileList
0x0000000015377000 	/usr/lib/libCheckFix.dylib
0x0000000015377000 	/System/Library/PrivateFrameworks/TCC.framework/Versions/A/TCC
0x0000000015377000 	/System/Library/PrivateFrameworks/CoreNLP.framework/Versions/A/CoreNLP
0x0000000015377000 	/System/Library/PrivateFrameworks/MetadataUtilities.framework/Versions/A/MetadataUtilities
0x0000000015377000 	/usr/lib/libmecabra.dylib
0x0000000015377000 	/usr/lib/libmecab.dylib
0x0000000015377000 	/usr/lib/libCRFSuite.dylib
0x0000000015377000 	/usr/lib/libgermantok.dylib
0x0000000015377000 	/usr/lib/libThaiTokenizer.dylib
0x0000000015377000 	/System/Library/Frameworks/Accelerate.framework/Versions/A/Frameworks/vImage.framework/Versions/A/vImage
0x0000000015377000 	/System/Library/Frameworks/Accelerate.framework/Versions/A/Frameworks/vecLib.framework/Versions/A/vecLib
0x0000000015377000 	/System/Library/Frameworks/Accelerate.framework/Versions/A/Frameworks/vecLib.framework/Versions/A/libvMisc.dylib
0x0000000015377000 	/System/Library/Frameworks/Accelerate.framework/Versions/A/Frameworks/vecLib.framework/Versions/A/libvDSP.dylib
0x0000000015377000 	/System/Library/Frameworks/Accelerate.framework/Versions/A/Frameworks/vecLib.framework/Versions/A/libBLAS.dylib
0x0000000015377000 	/System/Library/Frameworks/Accelerate.framework/Versions/A/Frameworks/vecLib.framework/Versions/A/libLAPACK.dylib
0x0000000015377000 	/System/Library/Frameworks/Accelerate.framework/Versions/A/Frameworks/vecLib.framework/Versions/A/libLinearAlgebra.dylib
0x0000000015377000 	/System/Library/Frameworks/Accelerate.framework/Versions/A/Frameworks/vecLib.framework/Versions/A/libSparseBLAS.dylib
0x0000000015377000 	/System/Library/Frameworks/Accelerate.framework/Versions/A/Frameworks/vecLib.framework/Versions/A/libQuadrature.dylib
0x0000000015377000 	/System/Library/Frameworks/Accelerate.framework/Versions/A/Frameworks/vecLib.framework/Versions/A/libBNNS.dylib
0x0000000015377000 	/System/Library/Frameworks/Accelerate.framework/Versions/A/Frameworks/vecLib.framework/Versions/A/libSparse.dylib
0x0000000015377000 	/System/Library/PrivateFrameworks/LinguisticData.framework/Versions/A/LinguisticData
0x0000000015377000 	/System/Library/PrivateFrameworks/Lexicon.framework/Versions/A/Lexicon
0x0000000015377000 	/usr/lib/libChineseTokenizer.dylib
0x0000000015377000 	/System/Library/PrivateFrameworks/LanguageModeling.framework/Versions/A/LanguageModeling
0x0000000015377000 	/System/Library/PrivateFrameworks/AppleSauce.framework/Versions/A/AppleSauce
0x0000000015377000 	/System/Library/PrivateFrameworks/CoreEmoji.framework/Versions/A/CoreEmoji
0x0000000015377000 	/usr/lib/libcmph.dylib
0x0000000015377000 	/System/Library/Frameworks/OpenDirectory.framework/Versions/A/Frameworks/CFOpenDirectory.framework/Versions/A/CFOpenDirectory
0x0000000015377000 	/System/Library/Frameworks/OpenDirectory.framework/Versions/A/OpenDirectory
0x0000000015377000 	/System/Library/PrivateFrameworks/APFS.framework/Versions/A/APFS
0x0000000015377000 	/System/Library/Frameworks/SecurityFoundation.framework/Versions/A/SecurityFoundation
0x0000000015377000 	/usr/lib/libutil.dylib
0x0000000015377000 	/System/Library/PrivateFrameworks/CoreServicesStore.framework/Versions/A/CoreServicesStore
0x0000000015377000 	/usr/lib/libxslt.1.dylib
0x0000000015377000 	/System/Library/PrivateFrameworks/BackgroundTaskManagement.framework/Versions/A/BackgroundTaskManagement
0x0000000015377000 	/System/Library/Frameworks/ImageIO.framework/Versions/A/Resources/libRadiance.dylib
0x0000000015377000 	/System/Library/Frameworks/ImageIO.framework/Versions/A/Resources/libJPEG.dylib
0x0000000015377000 	/System/Library/Frameworks/ImageIO.framework/Versions/A/Resources/libPng.dylib
0x0000000015377000 	/System/Library/Frameworks/ImageIO.framework/Versions/A/Resources/libTIFF.dylib
0x0000000015377000 	/System/Library/Frameworks/ImageIO.framework/Versions/A/Resources/libGIF.dylib
0x0000000015377000 	/System/Library/Frameworks/ImageIO.framework/Versions/A/Resources/libJP2.dylib
0x0000000015377000 	/usr/lib/libexpat.1.dylib
0x0000000015377000 	/System/Library/PrivateFrameworks/AppleJPEG.framework/Versions/A/AppleJPEG
0x0000000015377000 	/System/Library/PrivateFrameworks/FontServices.framework/libFontParser.dylib
0x0000000015377000 	/System/Library/PrivateFrameworks/RunningBoardServices.framework/Versions/A/RunningBoardServices
0x0000000015377000 	/System/Library/PrivateFrameworks/IOSurfaceAccelerator.framework/Versions/A/IOSurfaceAccelerator
0x0000000015377000 	/System/Library/PrivateFrameworks/WatchdogClient.framework/Versions/A/WatchdogClient
0x0000000015377000 	/System/Library/Frameworks/CoreDisplay.framework/Versions/A/CoreDisplay
0x0000000015377000 	/System/Library/Frameworks/CoreMedia.framework/Versions/A/CoreMedia
0x0000000015377000 	/System/Library/PrivateFrameworks/IOAccelerator.framework/Versions/A/IOAccelerator
0x0000000015377000 	/System/Library/Frameworks/CoreVideo.framework/Versions/A/CoreVideo
0x0000000015377000 	/System/Library/Frameworks/MetalPerformanceShaders.framework/Versions/A/MetalPerformanceShaders
0x0000000015377000 	/System/Library/Frameworks/VideoToolbox.framework/Versions/A/VideoToolbox
0x0000000015377000 	/System/Library/PrivateFrameworks/BaseBoard.framework/Versions/A/BaseBoard
0x0000000015377000 	/System/Library/PrivateFrameworks/ProtocolBuffer.framework/Versions/A/ProtocolBuffer
0x0000000015377000 	/System/Library/PrivateFrameworks/GPUWrangler.framework/Versions/A/GPUWrangler
0x0000000015377000 	/System/Library/PrivateFrameworks/IOPresentment.framework/Versions/A/IOPresentment
0x0000000015377000 	/System/Library/PrivateFrameworks/DSExternalDisplay.framework/Versions/A/DSExternalDisplay
0x0000000015377000 	/System/Library/Frameworks/OpenGL.framework/Versions/A/Libraries/libCoreFSCache.dylib
0x0000000015377000 	/System/Library/PrivateFrameworks/GPUCompiler.framework/Versions/31001/Libraries/libGPUCompilerUtils.dylib
0x0000000015377000 	/System/Library/PrivateFrameworks/CMCaptureCore.framework/Versions/A/CMCaptureCore
0x0000000015377000 	/System/Library/PrivateFrameworks/AppServerSupport.framework/Versions/A/AppServerSupport
0x0000000015377000 	/System/Library/PrivateFrameworks/perfdata.framework/Versions/A/perfdata
0x0000000015377000 	/System/Library/PrivateFrameworks/AudioToolboxCore.framework/Versions/A/AudioToolboxCore
0x0000000015377000 	/System/Library/PrivateFrameworks/caulk.framework/Versions/A/caulk
0x0000000015377000 	/usr/lib/libAudioStatistics.dylib
0x0000000015377000 	/System/Library/PrivateFrameworks/SystemPolicy.framework/Versions/A/SystemPolicy
0x0000000015377000 	/usr/lib/libSMC.dylib
0x0000000015377000 	/System/Library/Frameworks/CoreMIDI.framework/Versions/A/CoreMIDI
0x0000000015377000 	/usr/lib/libAudioToolboxUtility.dylib
0x0000000015377000 	/System/Library/PrivateFrameworks/OSAServicesClient.framework/Versions/A/OSAServicesClient
0x0000000015377000 	/usr/lib/libperfcheck.dylib
0x0000000015377000 	/usr/lib/libmis.dylib
0x0000000015377000 	/System/Library/Frameworks/OpenGL.framework/Versions/A/Libraries/libGLU.dylib
0x0000000015377000 	/System/Library/Frameworks/OpenGL.framework/Versions/A/Libraries/libGFXShared.dylib
0x0000000015377000 	/System/Library/Frameworks/OpenGL.framework/Versions/A/Libraries/libGL.dylib
0x0000000015377000 	/System/Library/Frameworks/OpenGL.framework/Versions/A/Libraries/libGLImage.dylib
0x0000000015377000 	/System/Library/Frameworks/OpenGL.framework/Versions/A/Libraries/libCVMSPluginSupport.dylib
0x0000000015377000 	/System/Library/Frameworks/OpenGL.framework/Versions/A/Libraries/libCoreVMClient.dylib
0x0000000015377000 	/System/Library/Frameworks/MetalPerformanceShaders.framework/Versions/A/Frameworks/MPSCore.framework/Versions/A/MPSCore
0x0000000015377000 	/System/Library/Frameworks/MetalPerformanceShaders.framework/Versions/A/Frameworks/MPSImage.framework/Versions/A/MPSImage
0x0000000015377000 	/System/Library/Frameworks/MetalPerformanceShaders.framework/Versions/A/Frameworks/MPSNeuralNetwork.framework/Versions/A/MPSNeuralNetwork
0x0000000015377000 	/System/Library/Frameworks/MetalPerformanceShaders.framework/Versions/A/Frameworks/MPSMatrix.framework/Versions/A/MPSMatrix
0x0000000015377000 	/System/Library/Frameworks/MetalPerformanceShaders.framework/Versions/A/Frameworks/MPSRayIntersector.framework/Versions/A/MPSRayIntersector
0x0000000015377000 	/System/Library/Frameworks/MetalPerformanceShaders.framework/Versions/A/Frameworks/MPSNDArray.framework/Versions/A/MPSNDArray
0x0000000015377000 	/System/Library/Frameworks/MetalPerformanceShaders.framework/Versions/A/Frameworks/MPSFunctions.framework/Versions/A/MPSFunctions
0x0000000015377000 	/System/Library/PrivateFrameworks/MetalTools.framework/Versions/A/MetalTools
0x0000000015377000 	/System/Library/PrivateFrameworks/AggregateDictionary.framework/Versions/A/AggregateDictionary
0x0000000015377000 	/usr/lib/libIOReport.dylib
0x0000000015377000 	/System/Library/Frameworks/OpenCL.framework/Versions/A/OpenCL
0x0000000015377000 	/System/Library/PrivateFrameworks/FaceCore.framework/Versions/A/FaceCore
0x0000000015377000 	/System/Library/PrivateFrameworks/GraphVisualizer.framework/Versions/A/GraphVisualizer
0x0000000015377000 	/System/Library/PrivateFrameworks/FontServices.framework/Versions/A/FontServices
0x0000000015377000 	/System/Library/PrivateFrameworks/OTSVG.framework/Versions/A/OTSVG
0x0000000015377000 	/System/Library/Frameworks/ApplicationServices.framework/Versions/A/Frameworks/ATS.framework/Versions/A/Resources/libFontRegistry.dylib
0x0000000015377000 	/System/Library/PrivateFrameworks/FontServices.framework/libhvf.dylib
0x0000000015377000 	/System/Library/PrivateFrameworks/FontServices.framework/libXTFontStaticRegistryData.dylib
0x0000000015377000 	/System/Library/PrivateFrameworks/AppleVA.framework/Versions/A/AppleVA
0x0000000015377000 	/System/Library/Frameworks/ApplicationServices.framework/Versions/A/Frameworks/ATS.framework/Versions/A/ATS
0x0000000015377000 	/System/Library/Frameworks/ApplicationServices.framework/Versions/A/Frameworks/HIServices.framework/Versions/A/HIServices
0x0000000015377000 	/System/Library/Frameworks/ApplicationServices.framework/Versions/A/Frameworks/PrintCore.framework/Versions/A/PrintCore
0x0000000015377000 	/System/Library/Frameworks/ApplicationServices.framework/Versions/A/Frameworks/QD.framework/Versions/A/QD
0x0000000015377000 	/System/Library/Frameworks/ApplicationServices.framework/Versions/A/Frameworks/ColorSyncLegacy.framework/Versions/A/ColorSyncLegacy
0x0000000015377000 	/System/Library/Frameworks/ApplicationServices.framework/Versions/A/Frameworks/SpeechSynthesis.framework/Versions/A/SpeechSynthesis
0x0000000015377000 	/System/Library/Frameworks/ApplicationServices.framework/Versions/A/Frameworks/ATSUI.framework/Versions/A/ATSUI
0x0000000015377000 	/usr/lib/libcups.2.dylib
0x0000000015377000 	/System/Library/Frameworks/Kerberos.framework/Versions/A/Kerberos
0x0000000015377000 	/System/Library/Frameworks/GSS.framework/Versions/A/GSS
0x0000000015377000 	/usr/lib/libresolv.9.dylib
0x0000000015377000 	/System/Library/PrivateFrameworks/Heimdal.framework/Versions/A/Heimdal
0x0000000015377000 	/System/Library/Frameworks/Kerberos.framework/Versions/A/Libraries/libHeimdalProxy.dylib
0x0000000015377000 	/System/Library/Frameworks/Network.framework/Versions/A/Network
0x0000000015377000 	/usr/lib/libheimdal-asn1.dylib
0x0000000015377000 	/System/Library/PrivateFrameworks/CommonAuth.framework/Versions/A/CommonAuth
0x0000000015377000 	/System/Library/PrivateFrameworks/AudioSession.framework/Versions/A/AudioSession
0x0000000015377000 	/System/Library/PrivateFrameworks/MediaExperience.framework/Versions/A/MediaExperience
0x0000000015377000 	/System/Library/PrivateFrameworks/AudioSession.framework/libSessionUtility.dylib
0x0000000015377000 	/System/Library/PrivateFrameworks/AudioResourceArbitration.framework/Versions/A/AudioResourceArbitration
0x0000000015377000 	/System/Library/PrivateFrameworks/PowerLog.framework/Versions/A/PowerLog
0x0000000015377000 	/System/Library/PrivateFrameworks/IconFoundation.framework/Versions/A/IconFoundation
0x0000000015377000 	/System/Library/PrivateFrameworks/SpeechRecognitionCore.framework/Versions/A/SpeechRecognitionCore
0x0000000101188000 	/Library/Java/JavaVirtualMachines/jdk1.8.0_111.jdk/Contents/Home/jre/lib/server/libjvm.dylib
0x0000000015377000 	/usr/lib/libstdc++.6.dylib
0x000000010022a000 	/Library/Java/JavaVirtualMachines/jdk1.8.0_111.jdk/Contents/Home/jre/lib/libverify.dylib
0x000000010026d000 	/Library/Java/JavaVirtualMachines/jdk1.8.0_111.jdk/Contents/Home/jre/lib/libjava.dylib
0x0000000100241000 	/Library/Java/JavaVirtualMachines/jdk1.8.0_111.jdk/Contents/Home/jre/lib/libzip.dylib
0x0000000015377000 	/System/Library/Frameworks/JavaRuntimeSupport.framework/Versions/A/JavaRuntimeSupport
0x0000000015377000 	/System/Library/Frameworks/Carbon.framework/Versions/A/Carbon
0x0000000015377000 	/System/Library/PrivateFrameworks/CoreSymbolication.framework/Versions/A/CoreSymbolication
0x0000000015377000 	/System/Library/Frameworks/Carbon.framework/Versions/A/Frameworks/CommonPanels.framework/Versions/A/CommonPanels
0x0000000015377000 	/System/Library/Frameworks/Carbon.framework/Versions/A/Frameworks/Help.framework/Versions/A/Help
0x0000000015377000 	/System/Library/Frameworks/Carbon.framework/Versions/A/Frameworks/ImageCapture.framework/Versions/A/ImageCapture
0x0000000015377000 	/System/Library/Frameworks/Carbon.framework/Versions/A/Frameworks/OpenScripting.framework/Versions/A/OpenScripting
0x0000000015377000 	/System/Library/Frameworks/Carbon.framework/Versions/A/Frameworks/Ink.framework/Versions/A/Ink
0x0000000015377000 	/System/Library/Frameworks/Carbon.framework/Versions/A/Frameworks/Print.framework/Versions/A/Print
0x0000000015377000 	/System/Library/Frameworks/Carbon.framework/Versions/A/Frameworks/SecurityHI.framework/Versions/A/SecurityHI
0x0000000015377000 	/System/Library/PrivateFrameworks/DebugSymbols.framework/Versions/A/DebugSymbols
0x0000000100e84000 	/Library/Java/JavaVirtualMachines/jdk1.8.0_111.jdk/Contents/Home/jre/lib/libprism_es2.dylib
0x0000000015377000 	/System/Library/PrivateFrameworks/CoreServicesInternal.framework/Versions/A/CoreServicesInternal
0x0000000015377000 	/System/Library/Frameworks/OpenGL.framework/Versions/A/Resources/GLEngine.bundle/GLEngine
0x0000000015377000 	/System/Library/Frameworks/OpenGL.framework/Versions/A/Libraries/libGLProgrammability.dylib
0x0000000015377000 	/System/Library/Extensions/AppleIntelBDWGraphicsGLDriver.bundle/Contents/MacOS/AppleIntelBDWGraphicsGLDriver
0x0000000015377000 	/System/Library/PrivateFrameworks/GPUSupport.framework/Versions/A/Libraries/libGPUSupportMercury.dylib
0x0000000015377000 	/System/Library/Frameworks/OpenGL.framework/Versions/A/Resources/GLRendererFloat.bundle/GLRendererFloat
0x0000000115e75000 	/Library/Java/JavaVirtualMachines/jdk1.8.0_111.jdk/Contents/Home/jre/lib/libglass.dylib
0x0000000015377000 	/System/Library/Frameworks/FileProvider.framework/Versions/A/FileProvider
0x0000000015377000 	/System/Library/Frameworks/Accounts.framework/Versions/A/Accounts
0x0000000015377000 	/System/Library/PrivateFrameworks/GenerationalStorage.framework/Versions/A/GenerationalStorage
0x0000000015377000 	/System/Library/PrivateFrameworks/SymptomDiagnosticReporter.framework/Versions/A/SymptomDiagnosticReporter
0x0000000015377000 	/System/Library/PrivateFrameworks/DesktopServicesPriv.framework/Versions/A/DesktopServicesPriv
0x0000000015377000 	/usr/lib/libsandbox.1.dylib
0x0000000015377000 	/System/Library/PrivateFrameworks/UserManagement.framework/Versions/A/UserManagement
0x0000000015377000 	/System/Library/PrivateFrameworks/NetAuth.framework/Versions/A/NetAuth
0x0000000015377000 	/System/Library/PrivateFrameworks/Sharing.framework/Versions/A/Sharing
0x0000000015377000 	/System/Library/PrivateFrameworks/login.framework/Versions/A/Frameworks/loginsupport.framework/Versions/A/loginsupport
0x0000000015377000 	/System/Library/PrivateFrameworks/Apple80211.framework/Versions/A/Apple80211
0x0000000015377000 	/System/Library/PrivateFrameworks/AuthKit.framework/Versions/A/AuthKit
0x0000000015377000 	/System/Library/PrivateFrameworks/CoreUtils.framework/Versions/A/CoreUtils
0x0000000015377000 	/System/Library/Frameworks/CoreWLAN.framework/Versions/A/CoreWLAN
0x0000000015377000 	/System/Library/Frameworks/IOBluetooth.framework/Versions/A/IOBluetooth
0x0000000015377000 	/System/Library/PrivateFrameworks/CoreWiFi.framework/Versions/A/CoreWiFi
0x0000000015377000 	/System/Library/PrivateFrameworks/FrontBoardServices.framework/Versions/A/FrontBoardServices
0x0000000015377000 	/System/Library/PrivateFrameworks/BoardServices.framework/Versions/A/BoardServices
0x0000000015377000 	/System/Library/PrivateFrameworks/AssertionServices.framework/Versions/A/AssertionServices
0x0000000015377000 	/System/Library/PrivateFrameworks/BackBoardServices.framework/Versions/A/BackBoardServices
0x0000000015377000 	/System/Library/PrivateFrameworks/CorePhoneNumbers.framework/Versions/A/CorePhoneNumbers
0x0000000015377000 	/System/Library/PrivateFrameworks/MultiverseSupport.framework/Versions/A/MultiverseSupport
0x0000000015377000 	/System/Library/PrivateFrameworks/RemoteServiceDiscovery.framework/Versions/A/RemoteServiceDiscovery
0x0000000015377000 	/System/Library/PrivateFrameworks/DiskManagement.framework/Versions/A/DiskManagement
0x0000000015377000 	/System/Library/PrivateFrameworks/AppleIDAuthSupport.framework/Versions/A/AppleIDAuthSupport
0x0000000015377000 	/System/Library/PrivateFrameworks/AAAFoundation.framework/Versions/A/AAAFoundation
0x0000000015377000 	/System/Library/PrivateFrameworks/KeychainCircle.framework/Versions/A/KeychainCircle
0x0000000015377000 	/System/Library/PrivateFrameworks/RemoteXPC.framework/Versions/A/RemoteXPC
0x0000000015377000 	/System/Library/PrivateFrameworks/MediaKit.framework/Versions/A/MediaKit
0x0000000015377000 	/System/Library/Frameworks/DiscRecording.framework/Versions/A/DiscRecording
0x0000000015377000 	/usr/lib/libCoreStorage.dylib
0x0000000015377000 	/usr/lib/libcsfde.dylib
0x0000000015377000 	/System/Library/PrivateFrameworks/ProtectedCloudStorage.framework/Versions/A/ProtectedCloudStorage
0x0000000015377000 	/System/Library/PrivateFrameworks/EFILogin.framework/Versions/A/EFILogin
0x0000000015377000 	/System/Library/PrivateFrameworks/OctagonTrust.framework/Versions/A/OctagonTrust
0x0000000015377000 	/System/Library/PrivateFrameworks/CoreUtilsExtras.framework/Versions/A/CoreUtilsExtras
0x0000000015377000 	/System/Library/Frameworks/CoreBluetooth.framework/Versions/A/CoreBluetooth
0x0000000015377000 	/System/Library/Frameworks/AudioUnit.framework/Versions/A/AudioUnit
0x0000000015377000 	/usr/lib/libMatch.1.dylib
0x0000000015377000 	/System/Library/Frameworks/Accelerate.framework/Versions/A/Frameworks/vImage.framework/Versions/A/Libraries/libCGInterfaces.dylib
0x00000001176e7000 	/usr/lib/libobjc-trampolines.dylib
0x0000000015377000 	/System/Library/PrivateFrameworks/FamilyControls.framework/Versions/A/FamilyControls
0x0000000015377000 	/System/Library/PrivateFrameworks/CommerceKit.framework/Versions/A/Frameworks/CommerceCore.framework/Versions/A/CommerceCore
0x0000000015377000 	/System/Library/PrivateFrameworks/SystemAdministration.framework/Versions/A/SystemAdministration
0x0000000015377000 	/System/Library/PrivateFrameworks/AppContainer.framework/Versions/A/AppContainer
0x0000000015377000 	/System/Library/PrivateFrameworks/SecCodeWrapper.framework/Versions/A/SecCodeWrapper
0x0000000015377000 	/System/Library/PrivateFrameworks/CrashReporterSupport.framework/Versions/A/CrashReporterSupport
0x0000000015377000 	/System/Library/PrivateFrameworks/OSAnalytics.framework/Versions/A/OSAnalytics
0x0000000015377000 	/System/Library/PrivateFrameworks/Symbolication.framework/Versions/A/Symbolication
0x0000000015377000 	/System/Library/PrivateFrameworks/MallocStackLogging.framework/Versions/A/MallocStackLogging
0x0000000015377000 	/System/Library/PrivateFrameworks/login.framework/Versions/A/login
0x0000000015377000 	/System/Library/Frameworks/MediaToolbox.framework/Versions/A/MediaToolbox
0x0000000015377000 	/System/Library/Frameworks/DirectoryService.framework/Versions/A/DirectoryService
0x0000000015377000 	/System/Library/PrivateFrameworks/DiskImages.framework/Versions/A/DiskImages
0x0000000015377000 	/System/Library/Frameworks/ServiceManagement.framework/Versions/A/ServiceManagement
0x0000000015377000 	/System/Library/PrivateFrameworks/LoginUIKit.framework/Versions/A/Frameworks/LoginUICore.framework/Versions/A/LoginUICore
0x0000000015377000 	/usr/lib/libodfde.dylib
0x0000000015377000 	/System/Library/PrivateFrameworks/CoreAVCHD.framework/Versions/A/CoreAVCHD
0x0000000015377000 	/System/Library/Frameworks/MediaAccessibility.framework/Versions/A/MediaAccessibility
0x0000000015377000 	/System/Library/PrivateFrameworks/Mangrove.framework/Versions/A/Mangrove
0x0000000015377000 	/System/Library/PrivateFrameworks/AlgosScoreFramework.framework/Versions/A/AlgosScoreFramework
0x0000000015377000 	/System/Library/PrivateFrameworks/CMPhoto.framework/Versions/A/CMPhoto
0x0000000015377000 	/System/Library/PrivateFrameworks/AppleVPA.framework/Versions/A/AppleVPA
0x0000000015377000 	/System/Library/PrivateFrameworks/CoreAUC.framework/Versions/A/CoreAUC
0x0000000015377000 	/usr/lib/libcurl.4.dylib
0x0000000015377000 	/usr/lib/libcrypto.46.dylib
0x0000000015377000 	/usr/lib/libssl.48.dylib
0x0000000015377000 	/System/Library/Frameworks/LDAP.framework/Versions/A/LDAP
0x0000000015377000 	/System/Library/PrivateFrameworks/TrustEvaluationAgent.framework/Versions/A/TrustEvaluationAgent
0x0000000015377000 	/usr/lib/libsasl2.2.dylib
0x0000000015377000 	/System/Library/PrivateFrameworks/CoreDaemon.framework/Versions/B/CoreDaemon
0x0000000015377000 	/System/Library/PrivateFrameworks/AppleSRP.framework/Versions/A/AppleSRP
0x0000000015377000 	/System/Library/PrivateFrameworks/ViewBridge.framework/Versions/A/ViewBridge
0x0000000015377000 	/usr/lib/libRosetta.dylib
0x0000000119c49000 	/Library/Java/JavaVirtualMachines/jdk1.8.0_111.jdk/Contents/Home/jre/lib/libjavafx_font.dylib
0x000000011a963000 	/Library/Java/JavaVirtualMachines/jdk1.8.0_111.jdk/Contents/Home/jre/lib/libprism_common.dylib
0x000000011bc72000 	/Library/Java/JavaVirtualMachines/jdk1.8.0_111.jdk/Contents/Home/jre/lib/libsunec.dylib
0x000000011bc9a000 	/Library/Java/JavaVirtualMachines/jdk1.8.0_111.jdk/Contents/Home/jre/lib/libnet.dylib
0x000000011bc61000 	/Library/Java/JavaVirtualMachines/jdk1.8.0_111.jdk/Contents/Home/jre/lib/libnio.dylib
0x000000011ea75000 	/Library/Java/JavaVirtualMachines/jdk1.8.0_111.jdk/Contents/Home/jre/lib/libjfxwebkit.dylib
0x000000011df5c000 	/Library/Java/JavaVirtualMachines/jdk1.8.0_111.jdk/Contents/Home/jre/lib/libglib-lite.dylib
0x000000011e1f5000 	/Library/Java/JavaVirtualMachines/jdk1.8.0_111.jdk/Contents/Home/jre/lib/libgstreamer-lite.dylib
0x000000011b6eb000 	/Library/Java/JavaVirtualMachines/jdk1.8.0_111.jdk/Contents/Home/jre/lib/libjfxmedia.dylib
0x000000011b726000 	/Library/Java/JavaVirtualMachines/jdk1.8.0_111.jdk/Contents/Home/jre/lib/libjfxmedia_avf.dylib
0x0000000015377000 	/System/Library/Frameworks/AVFoundation.framework/Versions/A/AVFoundation
0x0000000015377000 	/System/Library/Frameworks/AVFAudio.framework/Versions/A/AVFAudio
0x0000000015377000 	/System/Library/PrivateFrameworks/AVFCore.framework/Versions/A/AVFCore
0x0000000015377000 	/System/Library/PrivateFrameworks/AVFCapture.framework/Versions/A/AVFCapture
0x0000000015377000 	/System/Library/PrivateFrameworks/AirPlaySync.framework/Versions/A/AirPlaySync
0x0000000015377000 	/System/Library/PrivateFrameworks/CMImaging.framework/Versions/A/CMImaging
0x0000000015377000 	/System/Library/PrivateFrameworks/Quagga.framework/Versions/A/Quagga
0x0000000015377000 	/System/Library/PrivateFrameworks/CMCapture.framework/Versions/A/CMCapture
0x0000000015377000 	/System/Library/Frameworks/CoreMediaIO.framework/Versions/A/CoreMediaIO
0x0000000015377000 	/System/Library/PrivateFrameworks/Espresso.framework/Versions/A/Espresso
0x0000000015377000 	/System/Library/PrivateFrameworks/AppSupport.framework/Versions/A/AppSupport
0x0000000015377000 	/System/Library/PrivateFrameworks/ANECompiler.framework/Versions/A/ANECompiler
0x0000000015377000 	/System/Library/PrivateFrameworks/AppleNeuralEngine.framework/Versions/A/AppleNeuralEngine
0x0000000015377000 	/System/Library/PrivateFrameworks/MIL.framework/Versions/A/MIL
0x0000000015377000 	/System/Library/Frameworks/MetalPerformanceShadersGraph.framework/Versions/A/MetalPerformanceShadersGraph
0x0000000015377000 	/System/Library/PrivateFrameworks/ANEServices.framework/Versions/A/ANEServices
0x0000000015377000 	/usr/lib/libncurses.5.4.dylib
0x000000011b6bd000 	/Library/Java/JavaVirtualMachines/jdk1.8.0_111.jdk/Contents/Home/jre/lib/libjfxmedia_qtkit.dylib
0x0000000015377000 	/System/Library/Frameworks/QTKit.framework/Versions/A/QTKit
0x000000011de79000 	/Library/Java/JavaVirtualMachines/jdk1.8.0_111.jdk/Contents/Home/jre/lib/libjavafx_iio.dylib

VM Arguments:
jvm_args: -Dfile.encoding=UTF-8 
java_command: /Users/Terrick/StockDataProject/dist/run1118371268/StockDataProject.jar
java_class_path (initial): /Users/Terrick/StockDataProject/dist/run1118371268/StockDataProject.jar
Launcher Type: SUN_STANDARD

Environment Variables:
PATH=/usr/bin:/bin:/usr/sbin:/sbin
LD_LIBRARY_PATH=/Library/Java/JavaVirtualMachines/jdk1.8.0_111.jdk/Contents/Home/jre/lib/amd64:/Library/Java/JavaVirtualMachines/jdk1.8.0_111.jdk/Contents/Home/jre/lib/i386:
SHELL=/bin/bash

Signal Handlers:
SIGSEGV: [libjvm.dylib+0x5b03ed], sa_mask[0]=11111111011111110111111111111111, sa_flags=SA_ONSTACK|SA_RESTART|SA_SIGINFO
SIGBUS: [libjvm.dylib+0x5b03ed], sa_mask[0]=11111111011111110111111111111111, sa_flags=SA_RESTART|SA_SIGINFO
SIGFPE: [libjvm.dylib+0x48711c], sa_mask[0]=11111111011111110111111111111111, sa_flags=SA_RESTART|SA_SIGINFO
SIGPIPE: [libjvm.dylib+0x48711c], sa_mask[0]=11111111011111110111111111111111, sa_flags=SA_RESTART|SA_SIGINFO
SIGXFSZ: [libjvm.dylib+0x48711c], sa_mask[0]=11111111011111110111111111111111, sa_flags=SA_RESTART|SA_SIGINFO
SIGILL: [libjvm.dylib+0x48711c], sa_mask[0]=11111111011111110111111111111111, sa_flags=SA_RESTART|SA_SIGINFO
SIGUSR1: SIG_DFL, sa_mask[0]=00000000000000000000000000000000, sa_flags=none
SIGUSR2: [libjvm.dylib+0x486c3a], sa_mask[0]=00100000000000000000000000000000, sa_flags=SA_RESTART|SA_SIGINFO
SIGHUP: [libjvm.dylib+0x485211], sa_mask[0]=11111111011111110111111111111111, sa_flags=SA_RESTART|SA_SIGINFO
SIGINT: SIG_IGN, sa_mask[0]=00000000000000000000000000000000, sa_flags=none
SIGTERM: [libjvm.dylib+0x485211], sa_mask[0]=11111111011111110111111111111111, sa_flags=SA_RESTART|SA_SIGINFO
SIGQUIT: [libjvm.dylib+0x485211], sa_mask[0]=11111111011111110111111111111111, sa_flags=SA_RESTART|SA_SIGINFO


---------------  S Y S T E M  ---------------

OS:Bsduname:Darwin 21.6.0 Darwin Kernel Version 21.6.0: Mon Jun 24 00:56:10 PDT 2024; root:xnu-8020.240.18.709.2~1/RELEASE_X86_64 x86_64
rlimit: STACK 8192k, CORE 0k, NPROC 1392, NOFILE 10240, AS infinity
load average:2.68 4.12 4.26

CPU:total 4 (2 cores per cpu, 2 threads per core) family 6 model 61 stepping 4, cmov, cx8, fxsr, mmx, sse, sse2, sse3, ssse3, sse4.1, sse4.2, popcnt, avx, avx2, aes, clmul, erms, 3dnowpref, lzcnt, ht, tsc, tscinvbit, bmi1, bmi2, adx

Memory: 4k page, physical 4194304k(92896k free)

/proc/meminfo:


vm_info: Java HotSpot(TM) 64-Bit Server VM (25.111-b14) for bsd-amd64 JRE (1.8.0_111-b14), built on Sep 22 2016 15:31:41 by "java_re" with gcc 4.2.1 (Based on Apple Inc. build 5658) (LLVM build 2336.11.00)

time: Tue Aug 27 15:40:42 2024
elapsed time: 40 seconds (0d 0h 0m 40s)

